<?xml version="1.0" encoding="UTF-8"?>
<coverage generated="1785045448623" clover="3.2.0">
  <project timestamp="1785045448623" name="All files">
    <metrics statements="21" coveredstatements="17" conditionals="18" coveredconditionals="11" methods="5" coveredmethods="4" elements="44" coveredelements="32" complexity="0" loc="21" ncloc="21" packages="1" files="1" classes="1"/>
    <file name="app.js" path="C:\Users\Murali\OneDrive\Desktop\my-node-app\my-node-app\app.js">
      <metrics statements="21" coveredstatements="17" conditionals="18" coveredconditionals="11" methods="5" coveredmethods="4"/>
      <line num="1" count="1" type="stmt"/>
      <line num="2" count="1" type="stmt"/>
      <line num="3" count="1" type="cond" truecount="2" falsecount="0"/>
      <line num="4" count="1" type="stmt"/>
      <line num="6" count="1" type="stmt"/>
      <line num="7" count="1" type="stmt"/>
      <line num="14" count="1" type="stmt"/>
      <line num="15" count="1" type="stmt"/>
      <line num="22" count="1" type="stmt"/>
      <line num="23" count="1" type="stmt"/>
      <line num="28" count="1" type="stmt"/>
      <line num="29" count="2" type="stmt"/>
      <line num="30" count="2" type="cond" truecount="4" falsecount="0"/>
      <line num="31" count="1" type="stmt"/>
      <line num="33" count="1" type="stmt"/>
      <line num="40" count="1" type="cond" truecount="1" falsecount="1"/>
      <line num="41" count="0" type="stmt"/>
      <line num="42" count="0" type="stmt"/>
      <line num="43" count="0" type="cond" truecount="0" falsecount="2"/>
      <line num="44" count="0" type="cond" truecount="0" falsecount="2"/>
      <line num="47" count="1" type="stmt"/>
    </file>
  </project>
</coverage>
