{"C:\\Users\\Murali\\OneDrive\\Desktop\\my-node-app\\my-node-app\\app.js": {"path":"C:\\Users\\Murali\\OneDrive\\Desktop\\my-node-app\\my-node-app\\app.js","statementMap":{"0":{"start":{"line":1,"column":16},"end":{"line":1,"column":34}},"1":{"start":{"line":2,"column":12},"end":{"line":2,"column":21}},"2":{"start":{"line":3,"column":13},"end":{"line":3,"column":37}},"3":{"start":{"line":4,"column":0},"end":{"line":4,"column":24}},"4":{"start":{"line":6,"column":0},"end":{"line":12,"column":3}},"5":{"start":{"line":7,"column":2},"end":{"line":11,"column":5}},"6":{"start":{"line":14,"column":0},"end":{"line":20,"column":3}},"7":{"start":{"line":15,"column":2},"end":{"line":19,"column":5}},"8":{"start":{"line":22,"column":0},"end":{"line":27,"column":3}},"9":{"start":{"line":23,"column":2},"end":{"line":26,"column":5}},"10":{"start":{"line":28,"column":0},"end":{"line":39,"column":3}},"11":{"start":{"line":29,"column":26},"end":{"line":29,"column":34}},"12":{"start":{"line":30,"column":2},"end":{"line":32,"column":3}},"13":{"start":{"line":31,"column":4},"end":{"line":31,"column":74}},"14":{"start":{"line":33,"column":2},"end":{"line":38,"column":5}},"15":{"start":{"line":40,"column":0},"end":{"line":46,"column":1}},"16":{"start":{"line":41,"column":2},"end":{"line":45,"column":5}},"17":{"start":{"line":42,"column":4},"end":{"line":42,"column":50}},"18":{"start":{"line":43,"column":4},"end":{"line":43,"column":73}},"19":{"start":{"line":44,"column":4},"end":{"line":44,"column":66}},"20":{"start":{"line":47,"column":0},"end":{"line":47,"column":21}}},"fnMap":{"0":{"name":"(anonymous_0)","decl":{"start":{"line":6,"column":19},"end":{"line":6,"column":20}},"loc":{"start":{"line":6,"column":33},"end":{"line":12,"column":1}},"line":6},"1":{"name":"(anonymous_1)","decl":{"start":{"line":14,"column":13},"end":{"line":14,"column":14}},"loc":{"start":{"line":14,"column":27},"end":{"line":20,"column":1}},"line":14},"2":{"name":"(anonymous_2)","decl":{"start":{"line":22,"column":22},"end":{"line":22,"column":23}},"loc":{"start":{"line":22,"column":36},"end":{"line":27,"column":1}},"line":22},"3":{"name":"(anonymous_3)","decl":{"start":{"line":28,"column":23},"end":{"line":28,"column":24}},"loc":{"start":{"line":28,"column":37},"end":{"line":39,"column":1}},"line":28},"4":{"name":"(anonymous_4)","decl":{"start":{"line":41,"column":19},"end":{"line":41,"column":20}},"loc":{"start":{"line":41,"column":25},"end":{"line":45,"column":3}},"line":41}},"branchMap":{"0":{"loc":{"start":{"line":3,"column":13},"end":{"line":3,"column":37}},"type":"binary-expr","locations":[{"start":{"line":3,"column":13},"end":{"line":3,"column":29}},{"start":{"line":3,"column":33},"end":{"line":3,"column":37}}],"line":3},"1":{"loc":{"start":{"line":10,"column":17},"end":{"line":10,"column":54}},"type":"binary-expr","locations":[{"start":{"line":10,"column":17},"end":{"line":10,"column":37}},{"start":{"line":10,"column":41},"end":{"line":10,"column":54}}],"line":10},"2":{"loc":{"start":{"line":17,"column":13},"end":{"line":17,"column":47}},"type":"binary-expr","locations":[{"start":{"line":17,"column":13},"end":{"line":17,"column":36}},{"start":{"line":17,"column":40},"end":{"line":17,"column":47}}],"line":17},"3":{"loc":{"start":{"line":18,"column":17},"end":{"line":18,"column":54}},"type":"binary-expr","locations":[{"start":{"line":18,"column":17},"end":{"line":18,"column":37}},{"start":{"line":18,"column":41},"end":{"line":18,"column":54}}],"line":18},"4":{"loc":{"start":{"line":30,"column":2},"end":{"line":32,"column":3}},"type":"if","locations":[{"start":{"line":30,"column":2},"end":{"line":32,"column":3}},{"start":{},"end":{}}],"line":30},"5":{"loc":{"start":{"line":30,"column":6},"end":{"line":30,"column":21}},"type":"binary-expr","locations":[{"start":{"line":30,"column":6},"end":{"line":30,"column":11}},{"start":{"line":30,"column":15},"end":{"line":30,"column":21}}],"line":30},"6":{"loc":{"start":{"line":40,"column":0},"end":{"line":46,"column":1}},"type":"if","locations":[{"start":{"line":40,"column":0},"end":{"line":46,"column":1}},{"start":{},"end":{}}],"line":40},"7":{"loc":{"start":{"line":43,"column":32},"end":{"line":43,"column":69}},"type":"binary-expr","locations":[{"start":{"line":43,"column":32},"end":{"line":43,"column":52}},{"start":{"line":43,"column":56},"end":{"line":43,"column":69}}],"line":43},"8":{"loc":{"start":{"line":44,"column":28},"end":{"line":44,"column":62}},"type":"binary-expr","locations":[{"start":{"line":44,"column":28},"end":{"line":44,"column":51}},{"start":{"line":44,"column":55},"end":{"line":44,"column":62}}],"line":44}},"s":{"0":1,"1":1,"2":1,"3":1,"4":1,"5":1,"6":1,"7":1,"8":1,"9":1,"10":1,"11":2,"12":2,"13":1,"14":1,"15":1,"16":0,"17":0,"18":0,"19":0,"20":1},"f":{"0":1,"1":1,"2":1,"3":2,"4":0},"b":{"0":[1,1],"1":[1,0],"2":[1,1],"3":[1,0],"4":[1,1],"5":[2,2],"6":[0,1],"7":[0,0],"8":[0,0]},"_coverageSchema":"1a1c01bbd47fc00a2c39e90264f33305004495a9","hash":"0b5b6ae690e6e63598e0aa1ab0002bf1422bf5ac"}
}
